This file contains any messages produced by compilers while
running configure, to aid debugging if configure makes a mistake.

It was created by hunspell configure 1.3.2, which was
generated by GNU Autoconf 2.65.  Invocation command line was

  $ ./configure --quiet

## --------- ##
## Platform. ##
## --------- ##

hostname = dimkanovikov
uname -m = x86_64
uname -r = 3.5.0-52-generic
uname -s = Linux
uname -v = #78~precise1-Ubuntu SMP Wed Jun 11 17:14:53 UTC 2014

/usr/bin/uname -p = unknown
/bin/uname -X     = unknown

/bin/arch              = unknown
/usr/bin/arch -k       = unknown
/usr/convex/getsysinfo = unknown
/usr/bin/hostinfo      = unknown
/bin/machine           = unknown
/usr/bin/oslevel       = unknown
/bin/universe          = unknown

PATH: /home/dimkanovikov/Qt/5.3/5.3/gcc_64/bin
PATH: /usr/bin
PATH: /usr/lib/lightdm/lightdm
PATH: /usr/local/sbin
PATH: /usr/local/bin
PATH: /usr/sbin
PATH: /usr/bin
PATH: /sbin
PATH: /bin
PATH: /usr/games


## ----------- ##
## Core tests. ##
## ----------- ##

configure:2791: checking build system type
configure:2805: result: x86_64-unknown-linux-gnu
configure:2825: checking host system type
configure:2838: result: x86_64-unknown-linux-gnu
configure:2858: checking target system type
configure:2871: result: x86_64-unknown-linux-gnu
configure:2916: checking for a BSD-compatible install
configure:2984: result: /usr/bin/install -c
configure:2995: checking whether build environment is sane
configure:3045: result: yes
configure:3186: checking for a thread-safe mkdir -p
configure:3225: result: /bin/mkdir -p
configure:3238: checking for gawk
configure:3268: result: no
configure:3238: checking for mawk
configure:3254: found /usr/bin/mawk
configure:3265: result: mawk
configure:3276: checking whether make sets $(MAKE)
configure:3298: result: yes
configure:3446: checking for g++
configure:3462: found /usr/bin/g++
configure:3473: result: g++
configure:3500: checking for C++ compiler version
configure:3509: g++ --version >&5
g++ (Ubuntu/Linaro 4.6.3-1ubuntu5) 4.6.3
Copyright (C) 2011 Free Software Foundation, Inc.
This is free software; see the source for copying conditions.  There is NO
warranty; not even for MERCHANTABILITY or FITNESS FOR A PARTICULAR PURPOSE.

configure:3520: $? = 0
configure:3509: g++ -v >&5
Using built-in specs.
COLLECT_GCC=g++
COLLECT_LTO_WRAPPER=/usr/lib/gcc/x86_64-linux-gnu/4.6/lto-wrapper
Target: x86_64-linux-gnu
Configured with: ../src/configure -v --with-pkgversion='Ubuntu/Linaro 4.6.3-1ubuntu5' --with-bugurl=file:///usr/share/doc/gcc-4.6/README.Bugs --enable-languages=c,c++,fortran,objc,obj-c++ --prefix=/usr --program-suffix=-4.6 --enable-shared --enable-linker-build-id --with-system-zlib --libexecdir=/usr/lib --without-included-gettext --enable-threads=posix --with-gxx-include-dir=/usr/include/c++/4.6 --libdir=/usr/lib --enable-nls --with-sysroot=/ --enable-clocale=gnu --enable-libstdcxx-debug --enable-libstdcxx-time=yes --enable-gnu-unique-object --enable-plugin --enable-objc-gc --disable-werror --with-arch-32=i686 --with-tune=generic --enable-checking=release --build=x86_64-linux-gnu --host=x86_64-linux-gnu --target=x86_64-linux-gnu
Thread model: posix
gcc version 4.6.3 (Ubuntu/Linaro 4.6.3-1ubuntu5) 
configure:3520: $? = 0
configure:3509: g++ -V >&5
g++: error: unrecognized option '-V'
g++: fatal error: no input files
compilation terminated.
configure:3520: $? = 4
configure:3509: g++ -qversion >&5
g++: error: unrecognized option '-qversion'
g++: fatal error: no input files
compilation terminated.
configure:3520: $? = 4
configure:3540: checking whether the C++ compiler works
configure:3562: g++    conftest.cpp  >&5
configure:3566: $? = 0
configure:3615: result: yes
configure:3618: checking for C++ compiler default output file name
configure:3620: result: a.out
configure:3626: checking for suffix of executables
configure:3633: g++ -o conftest    conftest.cpp  >&5
configure:3637: $? = 0
configure:3659: result: 
configure:3681: checking whether we are cross compiling
configure:3689: g++ -o conftest    conftest.cpp  >&5
configure:3693: $? = 0
configure:3700: ./conftest
configure:3704: $? = 0
configure:3719: result: no
configure:3724: checking for suffix of object files
configure:3746: g++ -c   conftest.cpp >&5
configure:3750: $? = 0
configure:3771: result: o
configure:3775: checking whether we are using the GNU C++ compiler
configure:3794: g++ -c   conftest.cpp >&5
configure:3794: $? = 0
configure:3803: result: yes
configure:3812: checking whether g++ accepts -g
configure:3832: g++ -c -g  conftest.cpp >&5
configure:3832: $? = 0
configure:3873: result: yes
configure:3907: checking for style of include used by make
configure:3935: result: GNU
configure:3960: checking dependency style of g++
configure:4070: result: gcc3
configure:4133: checking for gcc
configure:4149: found /usr/bin/gcc
configure:4160: result: gcc
configure:4389: checking for C compiler version
configure:4398: gcc --version >&5
gcc (Ubuntu/Linaro 4.6.3-1ubuntu5) 4.6.3
Copyright (C) 2011 Free Software Foundation, Inc.
This is free software; see the source for copying conditions.  There is NO
warranty; not even for MERCHANTABILITY or FITNESS FOR A PARTICULAR PURPOSE.

configure:4409: $? = 0
configure:4398: gcc -v >&5
Using built-in specs.
COLLECT_GCC=gcc
COLLECT_LTO_WRAPPER=/usr/lib/gcc/x86_64-linux-gnu/4.6/lto-wrapper
Target: x86_64-linux-gnu
Configured with: ../src/configure -v --with-pkgversion='Ubuntu/Linaro 4.6.3-1ubuntu5' --with-bugurl=file:///usr/share/doc/gcc-4.6/README.Bugs --enable-languages=c,c++,fortran,objc,obj-c++ --prefix=/usr --program-suffix=-4.6 --enable-shared --enable-linker-build-id --with-system-zlib --libexecdir=/usr/lib --without-included-gettext --enable-threads=posix --with-gxx-include-dir=/usr/include/c++/4.6 --libdir=/usr/lib --enable-nls --with-sysroot=/ --enable-clocale=gnu --enable-libstdcxx-debug --enable-libstdcxx-time=yes --enable-gnu-unique-object --enable-plugin --enable-objc-gc --disable-werror --with-arch-32=i686 --with-tune=generic --enable-checking=release --build=x86_64-linux-gnu --host=x86_64-linux-gnu --target=x86_64-linux-gnu
Thread model: posix
gcc version 4.6.3 (Ubuntu/Linaro 4.6.3-1ubuntu5) 
configure:4409: $? = 0
configure:4398: gcc -V >&5
gcc: error: unrecognized option '-V'
gcc: fatal error: no input files
compilation terminated.
configure:4409: $? = 4
configure:4398: gcc -qversion >&5
gcc: error: unrecognized option '-qversion'
gcc: fatal error: no input files
compilation terminated.
configure:4409: $? = 4
configure:4413: checking whether we are using the GNU C compiler
configure:4432: gcc -c   conftest.c >&5
configure:4432: $? = 0
configure:4441: result: yes
configure:4450: checking whether gcc accepts -g
configure:4470: gcc -c -g  conftest.c >&5
configure:4470: $? = 0
configure:4511: result: yes
configure:4528: checking for gcc option to accept ISO C89
configure:4592: gcc  -c -g -O2  conftest.c >&5
configure:4592: $? = 0
configure:4605: result: none needed
configure:4627: checking dependency style of gcc
configure:4737: result: gcc3
configure:4777: checking for a sed that does not truncate output
configure:4841: result: /bin/sed
configure:4859: checking for grep that handles long lines and -e
configure:4917: result: /bin/grep
configure:4922: checking for egrep
configure:4984: result: /bin/grep -E
configure:4989: checking for fgrep
configure:5051: result: /bin/grep -F
configure:5086: checking for ld used by gcc
configure:5153: result: /usr/bin/ld
configure:5160: checking if the linker (/usr/bin/ld) is GNU ld
configure:5175: result: yes
configure:5187: checking for BSD- or MS-compatible name lister (nm)
configure:5236: result: /usr/bin/nm -B
configure:5354: checking the name lister (/usr/bin/nm -B) interface
configure:5361: gcc -c -g -O2  conftest.c >&5
configure:5364: /usr/bin/nm -B "conftest.o"
configure:5367: output
0000000000000000 B some_variable
configure:5374: result: BSD nm
configure:5377: checking whether ln -s works
configure:5381: result: yes
configure:5389: checking the maximum length of command line arguments
configure:5509: result: 1572864
configure:5526: checking whether the shell understands some XSI constructs
configure:5536: result: yes
configure:5540: checking whether the shell understands "+="
configure:5546: result: yes
configure:5581: checking for /usr/bin/ld option to reload object files
configure:5588: result: -r
configure:5657: checking for objdump
configure:5673: found /usr/bin/objdump
configure:5684: result: objdump
configure:5716: checking how to recognize dependent libraries
configure:5912: result: pass_all
configure:5972: checking for ar
configure:5988: found /usr/bin/ar
configure:5999: result: ar
configure:6077: checking for strip
configure:6093: found /usr/bin/strip
configure:6104: result: strip
configure:6176: checking for ranlib
configure:6192: found /usr/bin/ranlib
configure:6203: result: ranlib
configure:6293: checking command to parse /usr/bin/nm -B output from gcc object
configure:6411: gcc -c -g -O2  conftest.c >&5
configure:6414: $? = 0
configure:6418: /usr/bin/nm -B conftest.o \| sed -n -e 's/^.*[	 ]\([ABCDGIRSTW][ABCDGIRSTW]*\)[	 ][	 ]*\([_A-Za-z][_A-Za-z0-9]*\)$/\1 \2 \2/p' \> conftest.nm
configure:6421: $? = 0
configure:6475: gcc -o conftest -g -O2   conftest.c conftstm.o >&5
configure:6478: $? = 0
configure:6516: result: ok
configure:6612: gcc -c -g -O2  conftest.c >&5
configure:6615: $? = 0
configure:7325: checking how to run the C preprocessor
configure:7356: gcc -E  conftest.c
configure:7356: $? = 0
configure:7370: gcc -E  conftest.c
conftest.c:11:28: fatal error: ac_nonexistent.h: No such file or directory
compilation terminated.
configure:7370: $? = 1
configure: failed program was:
| /* confdefs.h */
| #define PACKAGE_NAME "hunspell"
| #define PACKAGE_TARNAME "hunspell"
| #define PACKAGE_VERSION "1.3.2"
| #define PACKAGE_STRING "hunspell 1.3.2"
| #define PACKAGE_BUGREPORT "nemeth@numbertext.org"
| #define PACKAGE_URL ""
| #define PACKAGE "hunspell"
| #define VERSION "1.3.2"
| /* end confdefs.h.  */
| #include <ac_nonexistent.h>
configure:7395: result: gcc -E
configure:7415: gcc -E  conftest.c
configure:7415: $? = 0
configure:7429: gcc -E  conftest.c
conftest.c:11:28: fatal error: ac_nonexistent.h: No such file or directory
compilation terminated.
configure:7429: $? = 1
configure: failed program was:
| /* confdefs.h */
| #define PACKAGE_NAME "hunspell"
| #define PACKAGE_TARNAME "hunspell"
| #define PACKAGE_VERSION "1.3.2"
| #define PACKAGE_STRING "hunspell 1.3.2"
| #define PACKAGE_BUGREPORT "nemeth@numbertext.org"
| #define PACKAGE_URL ""
| #define PACKAGE "hunspell"
| #define VERSION "1.3.2"
| /* end confdefs.h.  */
| #include <ac_nonexistent.h>
configure:7458: checking for ANSI C header files
configure:7478: gcc -c -g -O2  conftest.c >&5
configure:7478: $? = 0
configure:7551: gcc -o conftest -g -O2   conftest.c  >&5
configure:7551: $? = 0
configure:7551: ./conftest
configure:7551: $? = 0
configure:7562: result: yes
configure:7575: checking for sys/types.h
configure:7575: gcc -c -g -O2  conftest.c >&5
configure:7575: $? = 0
configure:7575: result: yes
configure:7575: checking for sys/stat.h
configure:7575: gcc -c -g -O2  conftest.c >&5
configure:7575: $? = 0
configure:7575: result: yes
configure:7575: checking for stdlib.h
configure:7575: gcc -c -g -O2  conftest.c >&5
configure:7575: $? = 0
configure:7575: result: yes
configure:7575: checking for string.h
configure:7575: gcc -c -g -O2  conftest.c >&5
configure:7575: $? = 0
configure:7575: result: yes
configure:7575: checking for memory.h
configure:7575: gcc -c -g -O2  conftest.c >&5
configure:7575: $? = 0
configure:7575: result: yes
configure:7575: checking for strings.h
configure:7575: gcc -c -g -O2  conftest.c >&5
configure:7575: $? = 0
configure:7575: result: yes
configure:7575: checking for inttypes.h
configure:7575: gcc -c -g -O2  conftest.c >&5
configure:7575: $? = 0
configure:7575: result: yes
configure:7575: checking for stdint.h
configure:7575: gcc -c -g -O2  conftest.c >&5
configure:7575: $? = 0
configure:7575: result: yes
configure:7575: checking for unistd.h
configure:7575: gcc -c -g -O2  conftest.c >&5
configure:7575: $? = 0
configure:7575: result: yes
configure:7590: checking for dlfcn.h
configure:7590: gcc -c -g -O2  conftest.c >&5
configure:7590: $? = 0
configure:7590: result: yes
configure:7715: checking for C++ compiler version
configure:7724: g++ --version >&5
g++ (Ubuntu/Linaro 4.6.3-1ubuntu5) 4.6.3
Copyright (C) 2011 Free Software Foundation, Inc.
This is free software; see the source for copying conditions.  There is NO
warranty; not even for MERCHANTABILITY or FITNESS FOR A PARTICULAR PURPOSE.

configure:7735: $? = 0
configure:7724: g++ -v >&5
Using built-in specs.
COLLECT_GCC=g++
COLLECT_LTO_WRAPPER=/usr/lib/gcc/x86_64-linux-gnu/4.6/lto-wrapper
Target: x86_64-linux-gnu
Configured with: ../src/configure -v --with-pkgversion='Ubuntu/Linaro 4.6.3-1ubuntu5' --with-bugurl=file:///usr/share/doc/gcc-4.6/README.Bugs --enable-languages=c,c++,fortran,objc,obj-c++ --prefix=/usr --program-suffix=-4.6 --enable-shared --enable-linker-build-id --with-system-zlib --libexecdir=/usr/lib --without-included-gettext --enable-threads=posix --with-gxx-include-dir=/usr/include/c++/4.6 --libdir=/usr/lib --enable-nls --with-sysroot=/ --enable-clocale=gnu --enable-libstdcxx-debug --enable-libstdcxx-time=yes --enable-gnu-unique-object --enable-plugin --enable-objc-gc --disable-werror --with-arch-32=i686 --with-tune=generic --enable-checking=release --build=x86_64-linux-gnu --host=x86_64-linux-gnu --target=x86_64-linux-gnu
Thread model: posix
gcc version 4.6.3 (Ubuntu/Linaro 4.6.3-1ubuntu5) 
configure:7735: $? = 0
configure:7724: g++ -V >&5
g++: error: unrecognized option '-V'
g++: fatal error: no input files
compilation terminated.
configure:7735: $? = 4
configure:7724: g++ -qversion >&5
g++: error: unrecognized option '-qversion'
g++: fatal error: no input files
compilation terminated.
configure:7735: $? = 4
configure:7739: checking whether we are using the GNU C++ compiler
configure:7767: result: yes
configure:7776: checking whether g++ accepts -g
configure:7837: result: yes
configure:7862: checking dependency style of g++
configure:7972: result: gcc3
configure:7995: checking how to run the C++ preprocessor
configure:8022: g++ -E  conftest.cpp
configure:8022: $? = 0
configure:8036: g++ -E  conftest.cpp
conftest.cpp:22:28: fatal error: ac_nonexistent.h: No such file or directory
compilation terminated.
configure:8036: $? = 1
configure: failed program was:
| /* confdefs.h */
| #define PACKAGE_NAME "hunspell"
| #define PACKAGE_TARNAME "hunspell"
| #define PACKAGE_VERSION "1.3.2"
| #define PACKAGE_STRING "hunspell 1.3.2"
| #define PACKAGE_BUGREPORT "nemeth@numbertext.org"
| #define PACKAGE_URL ""
| #define PACKAGE "hunspell"
| #define VERSION "1.3.2"
| #define STDC_HEADERS 1
| #define HAVE_SYS_TYPES_H 1
| #define HAVE_SYS_STAT_H 1
| #define HAVE_STDLIB_H 1
| #define HAVE_STRING_H 1
| #define HAVE_MEMORY_H 1
| #define HAVE_STRINGS_H 1
| #define HAVE_INTTYPES_H 1
| #define HAVE_STDINT_H 1
| #define HAVE_UNISTD_H 1
| #define HAVE_DLFCN_H 1
| /* end confdefs.h.  */
| #include <ac_nonexistent.h>
configure:8061: result: g++ -E
configure:8081: g++ -E  conftest.cpp
configure:8081: $? = 0
configure:8095: g++ -E  conftest.cpp
conftest.cpp:22:28: fatal error: ac_nonexistent.h: No such file or directory
compilation terminated.
configure:8095: $? = 1
configure: failed program was:
| /* confdefs.h */
| #define PACKAGE_NAME "hunspell"
| #define PACKAGE_TARNAME "hunspell"
| #define PACKAGE_VERSION "1.3.2"
| #define PACKAGE_STRING "hunspell 1.3.2"
| #define PACKAGE_BUGREPORT "nemeth@numbertext.org"
| #define PACKAGE_URL ""
| #define PACKAGE "hunspell"
| #define VERSION "1.3.2"
| #define STDC_HEADERS 1
| #define HAVE_SYS_TYPES_H 1
| #define HAVE_SYS_STAT_H 1
| #define HAVE_STDLIB_H 1
| #define HAVE_STRING_H 1
| #define HAVE_MEMORY_H 1
| #define HAVE_STRINGS_H 1
| #define HAVE_INTTYPES_H 1
| #define HAVE_STDINT_H 1
| #define HAVE_UNISTD_H 1
| #define HAVE_DLFCN_H 1
| /* end confdefs.h.  */
| #include <ac_nonexistent.h>
configure:8301: checking for objdir
configure:8316: result: .libs
configure:8612: checking if gcc supports -fno-rtti -fno-exceptions
configure:8630: gcc -c -g -O2  -fno-rtti -fno-exceptions conftest.c >&5
cc1: warning: command line option '-fno-rtti' is valid for C++/ObjC++ but not for C [enabled by default]
configure:8634: $? = 0
configure:8647: result: no
configure:8667: checking for gcc option to produce PIC
configure:8939: result: -fPIC -DPIC
configure:8951: checking if gcc PIC flag -fPIC -DPIC works
configure:8969: gcc -c -g -O2  -fPIC -DPIC -DPIC conftest.c >&5
configure:8973: $? = 0
configure:8986: result: yes
configure:9010: checking if gcc static flag -static works
configure:9038: result: yes
configure:9053: checking if gcc supports -c -o file.o
configure:9074: gcc -c -g -O2  -o out/conftest2.o conftest.c >&5
configure:9078: $? = 0
configure:9100: result: yes
configure:9108: checking if gcc supports -c -o file.o
configure:9155: result: yes
configure:9188: checking whether the gcc linker (/usr/bin/ld -m elf_x86_64) supports shared libraries
configure:10174: result: yes
configure:10211: checking whether -lc should be explicitly linked in
configure:10216: gcc -c -g -O2  conftest.c >&5
configure:10219: $? = 0
configure:10234: gcc -shared conftest.o  -v -Wl,-soname -Wl,conftest -o conftest 2\>\&1 \| /bin/grep  -lc  \>/dev/null 2\>\&1
configure:10237: $? = 0
configure:10249: result: no
configure:10413: checking dynamic linker characteristics
configure:10846: gcc -o conftest -g -O2   -Wl,-rpath -Wl,/foo conftest.c  >&5
configure:10846: $? = 0
configure:11067: result: GNU/Linux ld.so
configure:11169: checking how to hardcode library paths into programs
configure:11194: result: immediate
configure:11714: checking whether stripping libraries is possible
configure:11719: result: yes
configure:11754: checking if libtool supports shared libraries
configure:11756: result: yes
configure:11759: checking whether to build shared libraries
configure:11780: result: yes
configure:11783: checking whether to build static libraries
configure:11787: result: yes
configure:11937: checking for ld used by g++
configure:12004: result: /usr/bin/ld -m elf_x86_64
configure:12011: checking if the linker (/usr/bin/ld -m elf_x86_64) is GNU ld
configure:12026: result: yes
configure:12081: checking whether the g++ linker (/usr/bin/ld -m elf_x86_64) supports shared libraries
configure:12994: result: yes
configure:13022: g++ -c -g -O2  conftest.cpp >&5
configure:13025: $? = 0
configure:13207: checking for g++ option to produce PIC
configure:13524: result: -fPIC -DPIC
configure:13533: checking if g++ PIC flag -fPIC -DPIC works
configure:13551: g++ -c -g -O2  -fPIC -DPIC -DPIC conftest.cpp >&5
configure:13555: $? = 0
configure:13568: result: yes
configure:13589: checking if g++ static flag -static works
configure:13617: result: yes
configure:13629: checking if g++ supports -c -o file.o
configure:13650: g++ -c -g -O2  -o out/conftest2.o conftest.cpp >&5
configure:13654: $? = 0
configure:13676: result: yes
configure:13681: checking if g++ supports -c -o file.o
configure:13728: result: yes
configure:13758: checking whether the g++ linker (/usr/bin/ld -m elf_x86_64) supports shared libraries
configure:13784: result: yes
configure:13921: checking dynamic linker characteristics
configure:14302: g++ -o conftest -g -O2   -Wl,-rpath -Wl,/foo conftest.cpp  >&5
configure:14302: $? = 0
configure:14523: result: GNU/Linux ld.so
configure:14574: checking how to hardcode library paths into programs
configure:14599: result: immediate
configure:14965: checking fcntl.h usability
configure:14965: gcc -c -g -O2  conftest.c >&5
configure:14965: $? = 0
configure:14965: result: yes
configure:14965: checking fcntl.h presence
configure:14965: gcc -E  conftest.c
configure:14965: $? = 0
configure:14965: result: yes
configure:14965: checking for fcntl.h
configure:14965: result: yes
configure:14965: checking libintl.h usability
configure:14965: gcc -c -g -O2  conftest.c >&5
configure:14965: $? = 0
configure:14965: result: yes
configure:14965: checking libintl.h presence
configure:14965: gcc -E  conftest.c
configure:14965: $? = 0
configure:14965: result: yes
configure:14965: checking for libintl.h
configure:14965: result: yes
configure:14965: checking locale.h usability
configure:14965: gcc -c -g -O2  conftest.c >&5
configure:14965: $? = 0
configure:14965: result: yes
configure:14965: checking locale.h presence
configure:14965: gcc -E  conftest.c
configure:14965: $? = 0
configure:14965: result: yes
configure:14965: checking for locale.h
configure:14965: result: yes
configure:14965: checking for unistd.h
configure:14965: result: yes
configure:14965: checking error.h usability
configure:14965: gcc -c -g -O2  conftest.c >&5
configure:14965: $? = 0
configure:14965: result: yes
configure:14965: checking error.h presence
configure:14965: gcc -E  conftest.c
configure:14965: $? = 0
configure:14965: result: yes
configure:14965: checking for error.h
configure:14965: result: yes
configure:14978: checking for an ANSI C-conforming const
configure:15043: gcc -c -g -O2  conftest.c >&5
configure:15043: $? = 0
configure:15050: result: yes
configure:15058: checking for inline
configure:15074: gcc -c -g -O2  conftest.c >&5
configure:15074: $? = 0
configure:15082: result: inline
configure:15102: checking for error_at_line
configure:15118: gcc -o conftest -g -O2   conftest.c  >&5
configure:15118: $? = 0
configure:15126: result: yes
configure:15137: checking for ANSI C header files
configure:15241: result: yes
configure:15252: checking for memchr
configure:15252: gcc -o conftest -g -O2   conftest.c  >&5
conftest.c:52:6: warning: conflicting types for built-in function 'memchr' [enabled by default]
configure:15252: $? = 0
configure:15252: result: yes
configure:15252: checking for setlocale
configure:15252: gcc -o conftest -g -O2   conftest.c  >&5
configure:15252: $? = 0
configure:15252: result: yes
configure:15252: checking for strchr
configure:15252: gcc -o conftest -g -O2   conftest.c  >&5
conftest.c:54:6: warning: conflicting types for built-in function 'strchr' [enabled by default]
configure:15252: $? = 0
configure:15252: result: yes
configure:15252: checking for strstr
configure:15252: gcc -o conftest -g -O2   conftest.c  >&5
conftest.c:55:6: warning: conflicting types for built-in function 'strstr' [enabled by default]
configure:15252: $? = 0
configure:15252: result: yes
configure:15264: checking whether NLS is requested
configure:15273: result: yes
configure:15314: checking for msgfmt
configure: trying /usr/bin/msgfmt...
0 translated messages.
configure:15346: result: /usr/bin/msgfmt
configure:15355: checking for gmsgfmt
configure:15386: result: /usr/bin/msgfmt
configure:15437: checking for xgettext
configure: trying /usr/bin/xgettext...
/usr/bin/xgettext: warning: file `/dev/null' extension `' is unknown; will try C
configure:15469: result: /usr/bin/xgettext
configure:15515: checking for msgmerge
configure: trying /usr/bin/msgmerge...
configure:15546: result: /usr/bin/msgmerge
configure:15564: checking whether we are using the GNU C Library 2 or newer
configure:15591: result: yes
configure:15640: checking for ranlib
configure:15667: result: ranlib
configure:15694: checking for simple visibility declarations
configure:15716: gcc -c -g -O2 -fvisibility=hidden  conftest.c >&5
configure:15716: $? = 0
configure:15725: result: yes
configure:15740: checking for size_t
configure:15740: gcc -c -g -O2  conftest.c >&5
configure:15740: $? = 0
configure:15740: gcc -c -g -O2  conftest.c >&5
conftest.c: In function 'main':
conftest.c:70:21: error: expected expression before ')' token
configure:15740: $? = 1
configure: failed program was:
| /* confdefs.h */
| #define PACKAGE_NAME "hunspell"
| #define PACKAGE_TARNAME "hunspell"
| #define PACKAGE_VERSION "1.3.2"
| #define PACKAGE_STRING "hunspell 1.3.2"
| #define PACKAGE_BUGREPORT "nemeth@numbertext.org"
| #define PACKAGE_URL ""
| #define PACKAGE "hunspell"
| #define VERSION "1.3.2"
| #define STDC_HEADERS 1
| #define HAVE_SYS_TYPES_H 1
| #define HAVE_SYS_STAT_H 1
| #define HAVE_STDLIB_H 1
| #define HAVE_STRING_H 1
| #define HAVE_MEMORY_H 1
| #define HAVE_STRINGS_H 1
| #define HAVE_INTTYPES_H 1
| #define HAVE_STDINT_H 1
| #define HAVE_UNISTD_H 1
| #define HAVE_DLFCN_H 1
| #define LT_OBJDIR ".libs/"
| #define HAVE_FCNTL_H 1
| #define HAVE_LIBINTL_H 1
| #define HAVE_LOCALE_H 1
| #define HAVE_UNISTD_H 1
| #define HAVE_ERROR_H 1
| #define STDC_HEADERS 1
| #define HAVE_MEMCHR 1
| #define HAVE_SETLOCALE 1
| #define HAVE_STRCHR 1
| #define HAVE_STRSTR 1
| #define HAVE_VISIBILITY 1
| /* end confdefs.h.  */
| #include <stdio.h>
| #ifdef HAVE_SYS_TYPES_H
| # include <sys/types.h>
| #endif
| #ifdef HAVE_SYS_STAT_H
| # include <sys/stat.h>
| #endif
| #ifdef STDC_HEADERS
| # include <stdlib.h>
| # include <stddef.h>
| #else
| # ifdef HAVE_STDLIB_H
| #  include <stdlib.h>
| # endif
| #endif
| #ifdef HAVE_STRING_H
| # if !defined STDC_HEADERS && defined HAVE_MEMORY_H
| #  include <memory.h>
| # endif
| # include <string.h>
| #endif
| #ifdef HAVE_STRINGS_H
| # include <strings.h>
| #endif
| #ifdef HAVE_INTTYPES_H
| # include <inttypes.h>
| #endif
| #ifdef HAVE_STDINT_H
| # include <stdint.h>
| #endif
| #ifdef HAVE_UNISTD_H
| # include <unistd.h>
| #endif
| int
| main ()
| {
| if (sizeof ((size_t)))
| 	    return 0;
|   ;
|   return 0;
| }
configure:15740: result: yes
configure:15752: checking for stdint.h
configure:15769: gcc -c -g -O2  conftest.c >&5
configure:15769: $? = 0
configure:15776: result: yes
configure:15788: checking for working alloca.h
configure:15805: gcc -o conftest -g -O2   conftest.c  >&5
configure:15805: $? = 0
configure:15813: result: yes
configure:15821: checking for alloca
configure:15858: gcc -o conftest -g -O2   conftest.c  >&5
configure:15858: $? = 0
configure:15866: result: yes
configure:15982: checking for stdlib.h
configure:15982: result: yes
configure:15982: checking for unistd.h
configure:15982: result: yes
configure:15982: checking for sys/param.h
configure:15982: gcc -c -g -O2  conftest.c >&5
configure:15982: $? = 0
configure:15982: result: yes
configure:16003: checking for getpagesize
configure:16003: gcc -o conftest -g -O2   conftest.c  >&5
configure:16003: $? = 0
configure:16003: result: yes
configure:16012: checking for working mmap
configure:16159: gcc -o conftest -g -O2   conftest.c  >&5
configure:16159: $? = 0
configure:16159: ./conftest
configure:16159: $? = 0
configure:16169: result: yes
configure:16180: checking whether integer division by zero raises SIGFPE
configure:16246: gcc -o conftest -g -O2   conftest.c  >&5
conftest.c:56:5: warning: built-in function 'nan' declared as non-function [enabled by default]
configure:16246: $? = 0
configure:16246: ./conftest
configure:16246: $? = 0
configure:16258: result: yes
configure:16271: checking for inttypes.h
configure:16288: gcc -c -g -O2  conftest.c >&5
configure:16288: $? = 0
configure:16295: result: yes
configure:16306: checking for unsigned long long int
configure:16346: gcc -o conftest -g -O2   conftest.c  >&5
configure:16346: $? = 0
configure:16354: result: yes
configure:16384: checking for inttypes.h
configure:16384: result: yes
configure:16395: checking whether the inttypes.h PRIxNN macros are broken
configure:16416: gcc -c -g -O2  conftest.c >&5
configure:16416: $? = 0
configure:16424: result: no
configure:16440: checking minix/config.h usability
configure:16440: gcc -c -g -O2  conftest.c >&5
conftest.c:80:26: fatal error: minix/config.h: No such file or directory
compilation terminated.
configure:16440: $? = 1
configure: failed program was:
| /* confdefs.h */
| #define PACKAGE_NAME "hunspell"
| #define PACKAGE_TARNAME "hunspell"
| #define PACKAGE_VERSION "1.3.2"
| #define PACKAGE_STRING "hunspell 1.3.2"
| #define PACKAGE_BUGREPORT "nemeth@numbertext.org"
| #define PACKAGE_URL ""
| #define PACKAGE "hunspell"
| #define VERSION "1.3.2"
| #define STDC_HEADERS 1
| #define HAVE_SYS_TYPES_H 1
| #define HAVE_SYS_STAT_H 1
| #define HAVE_STDLIB_H 1
| #define HAVE_STRING_H 1
| #define HAVE_MEMORY_H 1
| #define HAVE_STRINGS_H 1
| #define HAVE_INTTYPES_H 1
| #define HAVE_STDINT_H 1
| #define HAVE_UNISTD_H 1
| #define HAVE_DLFCN_H 1
| #define LT_OBJDIR ".libs/"
| #define HAVE_FCNTL_H 1
| #define HAVE_LIBINTL_H 1
| #define HAVE_LOCALE_H 1
| #define HAVE_UNISTD_H 1
| #define HAVE_ERROR_H 1
| #define STDC_HEADERS 1
| #define HAVE_MEMCHR 1
| #define HAVE_SETLOCALE 1
| #define HAVE_STRCHR 1
| #define HAVE_STRSTR 1
| #define HAVE_VISIBILITY 1
| #define HAVE_STDINT_H_WITH_UINTMAX 1
| #define HAVE_ALLOCA_H 1
| #define HAVE_ALLOCA 1
| #define HAVE_STDLIB_H 1
| #define HAVE_UNISTD_H 1
| #define HAVE_SYS_PARAM_H 1
| #define HAVE_GETPAGESIZE 1
| #define HAVE_MMAP 1
| #define INTDIV0_RAISES_SIGFPE 1
| #define HAVE_INTTYPES_H_WITH_UINTMAX 1
| #define HAVE_UNSIGNED_LONG_LONG_INT 1
| #define HAVE_UINTMAX_T 1
| #define HAVE_INTTYPES_H 1
| /* end confdefs.h.  */
| #include <stdio.h>
| #ifdef HAVE_SYS_TYPES_H
| # include <sys/types.h>
| #endif
| #ifdef HAVE_SYS_STAT_H
| # include <sys/stat.h>
| #endif
| #ifdef STDC_HEADERS
| # include <stdlib.h>
| # include <stddef.h>
| #else
| # ifdef HAVE_STDLIB_H
| #  include <stdlib.h>
| # endif
| #endif
| #ifdef HAVE_STRING_H
| # if !defined STDC_HEADERS && defined HAVE_MEMORY_H
| #  include <memory.h>
| # endif
| # include <string.h>
| #endif
| #ifdef HAVE_STRINGS_H
| # include <strings.h>
| #endif
| #ifdef HAVE_INTTYPES_H
| # include <inttypes.h>
| #endif
| #ifdef HAVE_STDINT_H
| # include <stdint.h>
| #endif
| #ifdef HAVE_UNISTD_H
| # include <unistd.h>
| #endif
| #include <minix/config.h>
configure:16440: result: no
configure:16440: checking minix/config.h presence
configure:16440: gcc -E  conftest.c
conftest.c:47:26: fatal error: minix/config.h: No such file or directory
compilation terminated.
configure:16440: $? = 1
configure: failed program was:
| /* confdefs.h */
| #define PACKAGE_NAME "hunspell"
| #define PACKAGE_TARNAME "hunspell"
| #define PACKAGE_VERSION "1.3.2"
| #define PACKAGE_STRING "hunspell 1.3.2"
| #define PACKAGE_BUGREPORT "nemeth@numbertext.org"
| #define PACKAGE_URL ""
| #define PACKAGE "hunspell"
| #define VERSION "1.3.2"
| #define STDC_HEADERS 1
| #define HAVE_SYS_TYPES_H 1
| #define HAVE_SYS_STAT_H 1
| #define HAVE_STDLIB_H 1
| #define HAVE_STRING_H 1
| #define HAVE_MEMORY_H 1
| #define HAVE_STRINGS_H 1
| #define HAVE_INTTYPES_H 1
| #define HAVE_STDINT_H 1
| #define HAVE_UNISTD_H 1
| #define HAVE_DLFCN_H 1
| #define LT_OBJDIR ".libs/"
| #define HAVE_FCNTL_H 1
| #define HAVE_LIBINTL_H 1
| #define HAVE_LOCALE_H 1
| #define HAVE_UNISTD_H 1
| #define HAVE_ERROR_H 1
| #define STDC_HEADERS 1
| #define HAVE_MEMCHR 1
| #define HAVE_SETLOCALE 1
| #define HAVE_STRCHR 1
| #define HAVE_STRSTR 1
| #define HAVE_VISIBILITY 1
| #define HAVE_STDINT_H_WITH_UINTMAX 1
| #define HAVE_ALLOCA_H 1
| #define HAVE_ALLOCA 1
| #define HAVE_STDLIB_H 1
| #define HAVE_UNISTD_H 1
| #define HAVE_SYS_PARAM_H 1
| #define HAVE_GETPAGESIZE 1
| #define HAVE_MMAP 1
| #define INTDIV0_RAISES_SIGFPE 1
| #define HAVE_INTTYPES_H_WITH_UINTMAX 1
| #define HAVE_UNSIGNED_LONG_LONG_INT 1
| #define HAVE_UINTMAX_T 1
| #define HAVE_INTTYPES_H 1
| /* end confdefs.h.  */
| #include <minix/config.h>
configure:16440: result: no
configure:16440: checking for minix/config.h
configure:16440: result: no
configure:16461: checking whether it is safe to define __EXTENSIONS__
configure:16479: gcc -c -g -O2  conftest.c >&5
configure:16479: $? = 0
configure:16486: result: yes
configure:16580: checking for ld used by GCC
configure:16644: result: /usr/bin/ld -m elf_x86_64
configure:16651: checking if the linker (/usr/bin/ld -m elf_x86_64) is GNU ld
configure:16664: result: yes
configure:16671: checking for shared library run path origin
configure:16684: result: done
configure:16730: checking whether imported symbols can be declared weak
configure:16745: gcc -o conftest -g -O2   conftest.c  >&5
configure:16745: $? = 0
configure:16750: result: yes
configure:16755: checking pthread.h usability
configure:16755: gcc -c -g -O2  conftest.c >&5
configure:16755: $? = 0
configure:16755: result: yes
configure:16755: checking pthread.h presence
configure:16755: gcc -E  conftest.c
configure:16755: $? = 0
configure:16755: result: yes
configure:16755: checking for pthread.h
configure:16755: result: yes
configure:16783: gcc -o conftest -g -O2   conftest.c  >&5
/tmp/ccXWLxcr.o: In function `main':
/home/dimkanovikov/dev/dimkanovikov/desktop/github-projects/Scenarist/src/libs/hunspell/conftest.c:57: undefined reference to `pthread_mutexattr_init'
collect2: ld returned 1 exit status
configure:16783: $? = 1
configure: failed program was:
| /* confdefs.h */
| #define PACKAGE_NAME "hunspell"
| #define PACKAGE_TARNAME "hunspell"
| #define PACKAGE_VERSION "1.3.2"
| #define PACKAGE_STRING "hunspell 1.3.2"
| #define PACKAGE_BUGREPORT "nemeth@numbertext.org"
| #define PACKAGE_URL ""
| #define PACKAGE "hunspell"
| #define VERSION "1.3.2"
| #define STDC_HEADERS 1
| #define HAVE_SYS_TYPES_H 1
| #define HAVE_SYS_STAT_H 1
| #define HAVE_STDLIB_H 1
| #define HAVE_STRING_H 1
| #define HAVE_MEMORY_H 1
| #define HAVE_STRINGS_H 1
| #define HAVE_INTTYPES_H 1
| #define HAVE_STDINT_H 1
| #define HAVE_UNISTD_H 1
| #define HAVE_DLFCN_H 1
| #define LT_OBJDIR ".libs/"
| #define HAVE_FCNTL_H 1
| #define HAVE_LIBINTL_H 1
| #define HAVE_LOCALE_H 1
| #define HAVE_UNISTD_H 1
| #define HAVE_ERROR_H 1
| #define STDC_HEADERS 1
| #define HAVE_MEMCHR 1
| #define HAVE_SETLOCALE 1
| #define HAVE_STRCHR 1
| #define HAVE_STRSTR 1
| #define HAVE_VISIBILITY 1
| #define HAVE_STDINT_H_WITH_UINTMAX 1
| #define HAVE_ALLOCA_H 1
| #define HAVE_ALLOCA 1
| #define HAVE_STDLIB_H 1
| #define HAVE_UNISTD_H 1
| #define HAVE_SYS_PARAM_H 1
| #define HAVE_GETPAGESIZE 1
| #define HAVE_MMAP 1
| #define INTDIV0_RAISES_SIGFPE 1
| #define HAVE_INTTYPES_H_WITH_UINTMAX 1
| #define HAVE_UNSIGNED_LONG_LONG_INT 1
| #define HAVE_UINTMAX_T 1
| #define HAVE_INTTYPES_H 1
| #define __EXTENSIONS__ 1
| #define _ALL_SOURCE 1
| #define _GNU_SOURCE 1
| #define _POSIX_PTHREAD_SEMANTICS 1
| #define _TANDEM_SOURCE 1
| /* end confdefs.h.  */
| #include <pthread.h>
| int
| main ()
| {
| pthread_mutex_lock((pthread_mutex_t*)0);
|            pthread_mutexattr_init((pthread_mutexattr_t*)0);
|   ;
|   return 0;
| }
configure:16846: checking for pthread_kill in -lpthread
configure:16871: gcc -o conftest -g -O2   conftest.c -lpthread   >&5
configure:16871: $? = 0
configure:16880: result: yes
configure:16950: checking for pthread_rwlock_t
configure:16950: gcc -c -g -O2  conftest.c >&5
configure:16950: $? = 0
configure:16950: gcc -c -g -O2  conftest.c >&5
conftest.c: In function 'main':
conftest.c:59:31: error: expected expression before ')' token
configure:16950: $? = 1
configure: failed program was:
| /* confdefs.h */
| #define PACKAGE_NAME "hunspell"
| #define PACKAGE_TARNAME "hunspell"
| #define PACKAGE_VERSION "1.3.2"
| #define PACKAGE_STRING "hunspell 1.3.2"
| #define PACKAGE_BUGREPORT "nemeth@numbertext.org"
| #define PACKAGE_URL ""
| #define PACKAGE "hunspell"
| #define VERSION "1.3.2"
| #define STDC_HEADERS 1
| #define HAVE_SYS_TYPES_H 1
| #define HAVE_SYS_STAT_H 1
| #define HAVE_STDLIB_H 1
| #define HAVE_STRING_H 1
| #define HAVE_MEMORY_H 1
| #define HAVE_STRINGS_H 1
| #define HAVE_INTTYPES_H 1
| #define HAVE_STDINT_H 1
| #define HAVE_UNISTD_H 1
| #define HAVE_DLFCN_H 1
| #define LT_OBJDIR ".libs/"
| #define HAVE_FCNTL_H 1
| #define HAVE_LIBINTL_H 1
| #define HAVE_LOCALE_H 1
| #define HAVE_UNISTD_H 1
| #define HAVE_ERROR_H 1
| #define STDC_HEADERS 1
| #define HAVE_MEMCHR 1
| #define HAVE_SETLOCALE 1
| #define HAVE_STRCHR 1
| #define HAVE_STRSTR 1
| #define HAVE_VISIBILITY 1
| #define HAVE_STDINT_H_WITH_UINTMAX 1
| #define HAVE_ALLOCA_H 1
| #define HAVE_ALLOCA 1
| #define HAVE_STDLIB_H 1
| #define HAVE_UNISTD_H 1
| #define HAVE_SYS_PARAM_H 1
| #define HAVE_GETPAGESIZE 1
| #define HAVE_MMAP 1
| #define INTDIV0_RAISES_SIGFPE 1
| #define HAVE_INTTYPES_H_WITH_UINTMAX 1
| #define HAVE_UNSIGNED_LONG_LONG_INT 1
| #define HAVE_UINTMAX_T 1
| #define HAVE_INTTYPES_H 1
| #define __EXTENSIONS__ 1
| #define _ALL_SOURCE 1
| #define _GNU_SOURCE 1
| #define _POSIX_PTHREAD_SEMANTICS 1
| #define _TANDEM_SOURCE 1
| #define USE_POSIX_THREADS 1
| #define USE_POSIX_THREADS_WEAK 1
| /* end confdefs.h.  */
| #include <pthread.h>
| 
| int
| main ()
| {
| if (sizeof ((pthread_rwlock_t)))
| 	    return 0;
|   ;
|   return 0;
| }
configure:16950: result: yes
configure:16975: gcc -c -g -O2  conftest.c >&5
configure:16975: $? = 0
configure:17573: checking for multithread API to use
configure:17575: result: posix
configure:18043: gcc -o conftest -g -O2   conftest.c  >&5
configure:18043: $? = 0
configure:18054: checking argz.h usability
configure:18054: gcc -c -g -O2  conftest.c >&5
configure:18054: $? = 0
configure:18054: result: yes
configure:18054: checking argz.h presence
configure:18054: gcc -E  conftest.c
configure:18054: $? = 0
configure:18054: result: yes
configure:18054: checking for argz.h
configure:18054: result: yes
configure:18054: checking for inttypes.h
configure:18054: result: yes
configure:18054: checking limits.h usability
configure:18054: gcc -c -g -O2  conftest.c >&5
configure:18054: $? = 0
configure:18054: result: yes
configure:18054: checking limits.h presence
configure:18054: gcc -E  conftest.c
configure:18054: $? = 0
configure:18054: result: yes
configure:18054: checking for limits.h
configure:18054: result: yes
configure:18054: checking for unistd.h
configure:18054: result: yes
configure:18054: checking for sys/param.h
configure:18054: result: yes
configure:18070: checking for getcwd
configure:18070: gcc -o conftest -g -O2   conftest.c  >&5
configure:18070: $? = 0
configure:18070: result: yes
configure:18070: checking for getegid
configure:18070: gcc -o conftest -g -O2   conftest.c  >&5
configure:18070: $? = 0
configure:18070: result: yes
configure:18070: checking for geteuid
configure:18070: gcc -o conftest -g -O2   conftest.c  >&5
configure:18070: $? = 0
configure:18070: result: yes
configure:18070: checking for getgid
configure:18070: gcc -o conftest -g -O2   conftest.c  >&5
configure:18070: $? = 0
configure:18070: result: yes
configure:18070: checking for getuid
configure:18070: gcc -o conftest -g -O2   conftest.c  >&5
configure:18070: $? = 0
configure:18070: result: yes
configure:18070: checking for mempcpy
configure:18070: gcc -o conftest -g -O2   conftest.c  >&5
conftest.c:90:6: warning: conflicting types for built-in function 'mempcpy' [enabled by default]
configure:18070: $? = 0
configure:18070: result: yes
configure:18070: checking for munmap
configure:18070: gcc -o conftest -g -O2   conftest.c  >&5
configure:18070: $? = 0
configure:18070: result: yes
configure:18070: checking for stpcpy
configure:18070: gcc -o conftest -g -O2   conftest.c  >&5
conftest.c:92:6: warning: conflicting types for built-in function 'stpcpy' [enabled by default]
configure:18070: $? = 0
configure:18070: result: yes
configure:18070: checking for strcasecmp
configure:18070: gcc -o conftest -g -O2   conftest.c  >&5
conftest.c:93:6: warning: conflicting types for built-in function 'strcasecmp' [enabled by default]
configure:18070: $? = 0
configure:18070: result: yes
configure:18070: checking for strdup
configure:18070: gcc -o conftest -g -O2   conftest.c  >&5
conftest.c:94:6: warning: conflicting types for built-in function 'strdup' [enabled by default]
configure:18070: $? = 0
configure:18070: result: yes
configure:18070: checking for strtoul
configure:18070: gcc -o conftest -g -O2   conftest.c  >&5
configure:18070: $? = 0
configure:18070: result: yes
configure:18070: checking for tsearch
configure:18070: gcc -o conftest -g -O2   conftest.c  >&5
configure:18070: $? = 0
configure:18070: result: yes
configure:18070: checking for argz_count
configure:18070: gcc -o conftest -g -O2   conftest.c  >&5
configure:18070: $? = 0
configure:18070: result: yes
configure:18070: checking for argz_stringify
configure:18070: gcc -o conftest -g -O2   conftest.c  >&5
configure:18070: $? = 0
configure:18070: result: yes
configure:18070: checking for argz_next
configure:18070: gcc -o conftest -g -O2   conftest.c  >&5
configure:18070: $? = 0
configure:18070: result: yes
configure:18070: checking for __fsetlocking
configure:18070: gcc -o conftest -g -O2   conftest.c  >&5
configure:18070: $? = 0
configure:18070: result: yes
configure:18082: checking whether feof_unlocked is declared
configure:18102: gcc -c -g -O2  conftest.c >&5
configure:18102: $? = 0
configure:18109: result: yes
configure:18123: checking whether fgets_unlocked is declared
configure:18143: gcc -c -g -O2  conftest.c >&5
configure:18143: $? = 0
configure:18150: result: yes
configure:18194: checking for iconv
configure:18216: gcc -o conftest -g -O2   conftest.c  >&5
configure:18216: $? = 0
configure:18248: result: yes
configure:18251: checking for working iconv
configure:18327: gcc -o conftest -g -O2   conftest.c  >&5
configure:18327: $? = 0
configure:18327: ./conftest
configure:18327: $? = 0
configure:18339: result: yes
configure:18367: checking for iconv declaration
configure:18396: gcc -c -g -O2  conftest.c >&5
configure:18396: $? = 0
configure:18407: result: install-shextern size_t iconv (iconv_t cd, char * *inbuf, size_t *inbytesleft, char * *outbuf, size_t *outbytesleft);
configure:18418: checking for NL_LOCALE_NAME macro
configure:18437: gcc -o conftest -g -O2   conftest.c  >&5
configure:18437: $? = 0
configure:18446: result: yes
configure:18458: checking for bison
configure:18474: found /usr/bin/bison
configure:18485: result: bison
configure:18499: checking version of bison
configure:18508: result: 2.5, ok
configure:18516: checking for long long int
configure:18556: gcc -o conftest -g -O2   conftest.c  >&5
configure:18556: $? = 0
configure:18586: gcc -o conftest -g -O2   conftest.c  >&5
configure:18586: $? = 0
configure:18586: ./conftest
configure:18586: $? = 0
configure:18601: result: yes
configure:18610: checking for wchar_t
configure:18627: gcc -c -g -O2  conftest.c >&5
configure:18627: $? = 0
configure:18634: result: yes
configure:18643: checking for wint_t
configure:18668: gcc -c -g -O2  conftest.c >&5
configure:18668: $? = 0
configure:18675: result: yes
configure:18686: checking for intmax_t
configure:18712: gcc -c -g -O2  conftest.c >&5
configure:18712: $? = 0
configure:18719: result: yes
configure:18729: checking whether printf() supports POSIX/XSI format strings
configure:18770: gcc -o conftest -g -O2   conftest.c  >&5
configure:18770: $? = 0
configure:18770: ./conftest
configure:18770: $? = 0
configure:18781: result: yes
configure:18792: checking whether we are using the GNU C Library 2.1 or newer
configure:18819: result: yes
configure:18828: checking for stdint.h
configure:18828: result: yes
configure:18838: checking for SIZE_MAX
configure:18910: result: yes
configure:18925: checking for stdint.h
configure:18925: result: yes
configure:18937: checking for CFPreferencesCopyAppValue
configure:18955: gcc -o conftest -g -O2   conftest.c  -Wl,-framework -Wl,CoreFoundation >&5
conftest.c:90:42: fatal error: CoreFoundation/CFPreferences.h: No such file or directory
compilation terminated.
configure:18955: $? = 1
configure: failed program was:
| /* confdefs.h */
| #define PACKAGE_NAME "hunspell"
| #define PACKAGE_TARNAME "hunspell"
| #define PACKAGE_VERSION "1.3.2"
| #define PACKAGE_STRING "hunspell 1.3.2"
| #define PACKAGE_BUGREPORT "nemeth@numbertext.org"
| #define PACKAGE_URL ""
| #define PACKAGE "hunspell"
| #define VERSION "1.3.2"
| #define STDC_HEADERS 1
| #define HAVE_SYS_TYPES_H 1
| #define HAVE_SYS_STAT_H 1
| #define HAVE_STDLIB_H 1
| #define HAVE_STRING_H 1
| #define HAVE_MEMORY_H 1
| #define HAVE_STRINGS_H 1
| #define HAVE_INTTYPES_H 1
| #define HAVE_STDINT_H 1
| #define HAVE_UNISTD_H 1
| #define HAVE_DLFCN_H 1
| #define LT_OBJDIR ".libs/"
| #define HAVE_FCNTL_H 1
| #define HAVE_LIBINTL_H 1
| #define HAVE_LOCALE_H 1
| #define HAVE_UNISTD_H 1
| #define HAVE_ERROR_H 1
| #define STDC_HEADERS 1
| #define HAVE_MEMCHR 1
| #define HAVE_SETLOCALE 1
| #define HAVE_STRCHR 1
| #define HAVE_STRSTR 1
| #define HAVE_VISIBILITY 1
| #define HAVE_STDINT_H_WITH_UINTMAX 1
| #define HAVE_ALLOCA_H 1
| #define HAVE_ALLOCA 1
| #define HAVE_STDLIB_H 1
| #define HAVE_UNISTD_H 1
| #define HAVE_SYS_PARAM_H 1
| #define HAVE_GETPAGESIZE 1
| #define HAVE_MMAP 1
| #define INTDIV0_RAISES_SIGFPE 1
| #define HAVE_INTTYPES_H_WITH_UINTMAX 1
| #define HAVE_UNSIGNED_LONG_LONG_INT 1
| #define HAVE_UINTMAX_T 1
| #define HAVE_INTTYPES_H 1
| #define __EXTENSIONS__ 1
| #define _ALL_SOURCE 1
| #define _GNU_SOURCE 1
| #define _POSIX_PTHREAD_SEMANTICS 1
| #define _TANDEM_SOURCE 1
| #define USE_POSIX_THREADS 1
| #define USE_POSIX_THREADS_WEAK 1
| #define HAVE_PTHREAD_RWLOCK 1
| #define HAVE_PTHREAD_MUTEX_RECURSIVE 1
| #define HAVE_BUILTIN_EXPECT 1
| #define HAVE_ARGZ_H 1
| #define HAVE_INTTYPES_H 1
| #define HAVE_LIMITS_H 1
| #define HAVE_UNISTD_H 1
| #define HAVE_SYS_PARAM_H 1
| #define HAVE_GETCWD 1
| #define HAVE_GETEGID 1
| #define HAVE_GETEUID 1
| #define HAVE_GETGID 1
| #define HAVE_GETUID 1
| #define HAVE_MEMPCPY 1
| #define HAVE_MUNMAP 1
| #define HAVE_STPCPY 1
| #define HAVE_STRCASECMP 1
| #define HAVE_STRDUP 1
| #define HAVE_STRTOUL 1
| #define HAVE_TSEARCH 1
| #define HAVE_ARGZ_COUNT 1
| #define HAVE_ARGZ_STRINGIFY 1
| #define HAVE_ARGZ_NEXT 1
| #define HAVE___FSETLOCKING 1
| #define HAVE_DECL_FEOF_UNLOCKED 1
| #define HAVE_DECL_FGETS_UNLOCKED 1
| #define HAVE_ICONV 1
| #define ICONV_CONST 
| #define HAVE_NL_LOCALE_NAME 1
| #define HAVE_LONG_LONG_INT 1
| #define HAVE_WCHAR_T 1
| #define HAVE_WINT_T 1
| #define HAVE_INTMAX_T 1
| #define HAVE_POSIX_PRINTF 1
| #define HAVE_STDINT_H 1
| #define HAVE_STDINT_H 1
| /* end confdefs.h.  */
| #include <CoreFoundation/CFPreferences.h>
| int
| main ()
| {
| CFPreferencesCopyAppValue(NULL, NULL)
|   ;
|   return 0;
| }
configure:18964: result: no
configure:18971: checking for CFLocaleCopyCurrent
configure:18989: gcc -o conftest -g -O2   conftest.c  -Wl,-framework -Wl,CoreFoundation >&5
conftest.c:90:37: fatal error: CoreFoundation/CFLocale.h: No such file or directory
compilation terminated.
configure:18989: $? = 1
configure: failed program was:
| /* confdefs.h */
| #define PACKAGE_NAME "hunspell"
| #define PACKAGE_TARNAME "hunspell"
| #define PACKAGE_VERSION "1.3.2"
| #define PACKAGE_STRING "hunspell 1.3.2"
| #define PACKAGE_BUGREPORT "nemeth@numbertext.org"
| #define PACKAGE_URL ""
| #define PACKAGE "hunspell"
| #define VERSION "1.3.2"
| #define STDC_HEADERS 1
| #define HAVE_SYS_TYPES_H 1
| #define HAVE_SYS_STAT_H 1
| #define HAVE_STDLIB_H 1
| #define HAVE_STRING_H 1
| #define HAVE_MEMORY_H 1
| #define HAVE_STRINGS_H 1
| #define HAVE_INTTYPES_H 1
| #define HAVE_STDINT_H 1
| #define HAVE_UNISTD_H 1
| #define HAVE_DLFCN_H 1
| #define LT_OBJDIR ".libs/"
| #define HAVE_FCNTL_H 1
| #define HAVE_LIBINTL_H 1
| #define HAVE_LOCALE_H 1
| #define HAVE_UNISTD_H 1
| #define HAVE_ERROR_H 1
| #define STDC_HEADERS 1
| #define HAVE_MEMCHR 1
| #define HAVE_SETLOCALE 1
| #define HAVE_STRCHR 1
| #define HAVE_STRSTR 1
| #define HAVE_VISIBILITY 1
| #define HAVE_STDINT_H_WITH_UINTMAX 1
| #define HAVE_ALLOCA_H 1
| #define HAVE_ALLOCA 1
| #define HAVE_STDLIB_H 1
| #define HAVE_UNISTD_H 1
| #define HAVE_SYS_PARAM_H 1
| #define HAVE_GETPAGESIZE 1
| #define HAVE_MMAP 1
| #define INTDIV0_RAISES_SIGFPE 1
| #define HAVE_INTTYPES_H_WITH_UINTMAX 1
| #define HAVE_UNSIGNED_LONG_LONG_INT 1
| #define HAVE_UINTMAX_T 1
| #define HAVE_INTTYPES_H 1
| #define __EXTENSIONS__ 1
| #define _ALL_SOURCE 1
| #define _GNU_SOURCE 1
| #define _POSIX_PTHREAD_SEMANTICS 1
| #define _TANDEM_SOURCE 1
| #define USE_POSIX_THREADS 1
| #define USE_POSIX_THREADS_WEAK 1
| #define HAVE_PTHREAD_RWLOCK 1
| #define HAVE_PTHREAD_MUTEX_RECURSIVE 1
| #define HAVE_BUILTIN_EXPECT 1
| #define HAVE_ARGZ_H 1
| #define HAVE_INTTYPES_H 1
| #define HAVE_LIMITS_H 1
| #define HAVE_UNISTD_H 1
| #define HAVE_SYS_PARAM_H 1
| #define HAVE_GETCWD 1
| #define HAVE_GETEGID 1
| #define HAVE_GETEUID 1
| #define HAVE_GETGID 1
| #define HAVE_GETUID 1
| #define HAVE_MEMPCPY 1
| #define HAVE_MUNMAP 1
| #define HAVE_STPCPY 1
| #define HAVE_STRCASECMP 1
| #define HAVE_STRDUP 1
| #define HAVE_STRTOUL 1
| #define HAVE_TSEARCH 1
| #define HAVE_ARGZ_COUNT 1
| #define HAVE_ARGZ_STRINGIFY 1
| #define HAVE_ARGZ_NEXT 1
| #define HAVE___FSETLOCKING 1
| #define HAVE_DECL_FEOF_UNLOCKED 1
| #define HAVE_DECL_FGETS_UNLOCKED 1
| #define HAVE_ICONV 1
| #define ICONV_CONST 
| #define HAVE_NL_LOCALE_NAME 1
| #define HAVE_LONG_LONG_INT 1
| #define HAVE_WCHAR_T 1
| #define HAVE_WINT_T 1
| #define HAVE_INTMAX_T 1
| #define HAVE_POSIX_PRINTF 1
| #define HAVE_STDINT_H 1
| #define HAVE_STDINT_H 1
| /* end confdefs.h.  */
| #include <CoreFoundation/CFLocale.h>
| int
| main ()
| {
| CFLocaleCopyCurrent();
|   ;
|   return 0;
| }
configure:18998: result: no
configure:19016: checking for ptrdiff_t
configure:19016: gcc -c -g -O2  conftest.c >&5
configure:19016: $? = 0
configure:19016: gcc -c -g -O2  conftest.c >&5
conftest.c: In function 'main':
conftest.c:126:24: error: expected expression before ')' token
configure:19016: $? = 1
configure: failed program was:
| /* confdefs.h */
| #define PACKAGE_NAME "hunspell"
| #define PACKAGE_TARNAME "hunspell"
| #define PACKAGE_VERSION "1.3.2"
| #define PACKAGE_STRING "hunspell 1.3.2"
| #define PACKAGE_BUGREPORT "nemeth@numbertext.org"
| #define PACKAGE_URL ""
| #define PACKAGE "hunspell"
| #define VERSION "1.3.2"
| #define STDC_HEADERS 1
| #define HAVE_SYS_TYPES_H 1
| #define HAVE_SYS_STAT_H 1
| #define HAVE_STDLIB_H 1
| #define HAVE_STRING_H 1
| #define HAVE_MEMORY_H 1
| #define HAVE_STRINGS_H 1
| #define HAVE_INTTYPES_H 1
| #define HAVE_STDINT_H 1
| #define HAVE_UNISTD_H 1
| #define HAVE_DLFCN_H 1
| #define LT_OBJDIR ".libs/"
| #define HAVE_FCNTL_H 1
| #define HAVE_LIBINTL_H 1
| #define HAVE_LOCALE_H 1
| #define HAVE_UNISTD_H 1
| #define HAVE_ERROR_H 1
| #define STDC_HEADERS 1
| #define HAVE_MEMCHR 1
| #define HAVE_SETLOCALE 1
| #define HAVE_STRCHR 1
| #define HAVE_STRSTR 1
| #define HAVE_VISIBILITY 1
| #define HAVE_STDINT_H_WITH_UINTMAX 1
| #define HAVE_ALLOCA_H 1
| #define HAVE_ALLOCA 1
| #define HAVE_STDLIB_H 1
| #define HAVE_UNISTD_H 1
| #define HAVE_SYS_PARAM_H 1
| #define HAVE_GETPAGESIZE 1
| #define HAVE_MMAP 1
| #define INTDIV0_RAISES_SIGFPE 1
| #define HAVE_INTTYPES_H_WITH_UINTMAX 1
| #define HAVE_UNSIGNED_LONG_LONG_INT 1
| #define HAVE_UINTMAX_T 1
| #define HAVE_INTTYPES_H 1
| #define __EXTENSIONS__ 1
| #define _ALL_SOURCE 1
| #define _GNU_SOURCE 1
| #define _POSIX_PTHREAD_SEMANTICS 1
| #define _TANDEM_SOURCE 1
| #define USE_POSIX_THREADS 1
| #define USE_POSIX_THREADS_WEAK 1
| #define HAVE_PTHREAD_RWLOCK 1
| #define HAVE_PTHREAD_MUTEX_RECURSIVE 1
| #define HAVE_BUILTIN_EXPECT 1
| #define HAVE_ARGZ_H 1
| #define HAVE_INTTYPES_H 1
| #define HAVE_LIMITS_H 1
| #define HAVE_UNISTD_H 1
| #define HAVE_SYS_PARAM_H 1
| #define HAVE_GETCWD 1
| #define HAVE_GETEGID 1
| #define HAVE_GETEUID 1
| #define HAVE_GETGID 1
| #define HAVE_GETUID 1
| #define HAVE_MEMPCPY 1
| #define HAVE_MUNMAP 1
| #define HAVE_STPCPY 1
| #define HAVE_STRCASECMP 1
| #define HAVE_STRDUP 1
| #define HAVE_STRTOUL 1
| #define HAVE_TSEARCH 1
| #define HAVE_ARGZ_COUNT 1
| #define HAVE_ARGZ_STRINGIFY 1
| #define HAVE_ARGZ_NEXT 1
| #define HAVE___FSETLOCKING 1
| #define HAVE_DECL_FEOF_UNLOCKED 1
| #define HAVE_DECL_FGETS_UNLOCKED 1
| #define HAVE_ICONV 1
| #define ICONV_CONST 
| #define HAVE_NL_LOCALE_NAME 1
| #define HAVE_LONG_LONG_INT 1
| #define HAVE_WCHAR_T 1
| #define HAVE_WINT_T 1
| #define HAVE_INTMAX_T 1
| #define HAVE_POSIX_PRINTF 1
| #define HAVE_STDINT_H 1
| #define HAVE_STDINT_H 1
| /* end confdefs.h.  */
| #include <stdio.h>
| #ifdef HAVE_SYS_TYPES_H
| # include <sys/types.h>
| #endif
| #ifdef HAVE_SYS_STAT_H
| # include <sys/stat.h>
| #endif
| #ifdef STDC_HEADERS
| # include <stdlib.h>
| # include <stddef.h>
| #else
| # ifdef HAVE_STDLIB_H
| #  include <stdlib.h>
| # endif
| #endif
| #ifdef HAVE_STRING_H
| # if !defined STDC_HEADERS && defined HAVE_MEMORY_H
| #  include <memory.h>
| # endif
| # include <string.h>
| #endif
| #ifdef HAVE_STRINGS_H
| # include <strings.h>
| #endif
| #ifdef HAVE_INTTYPES_H
| # include <inttypes.h>
| #endif
| #ifdef HAVE_STDINT_H
| # include <stdint.h>
| #endif
| #ifdef HAVE_UNISTD_H
| # include <unistd.h>
| #endif
| int
| main ()
| {
| if (sizeof ((ptrdiff_t)))
| 	    return 0;
|   ;
|   return 0;
| }
configure:19016: result: yes
configure:19029: checking stddef.h usability
configure:19029: gcc -c -g -O2  conftest.c >&5
configure:19029: $? = 0
configure:19029: result: yes
configure:19029: checking stddef.h presence
configure:19029: gcc -E  conftest.c
configure:19029: $? = 0
configure:19029: result: yes
configure:19029: checking for stddef.h
configure:19029: result: yes
configure:19029: checking for stdlib.h
configure:19029: result: yes
configure:19029: checking for string.h
configure:19029: result: yes
configure:19043: checking for asprintf
configure:19043: gcc -o conftest -g -O2   conftest.c  >&5
configure:19043: $? = 0
configure:19043: result: yes
configure:19043: checking for fwprintf
configure:19043: gcc -o conftest -g -O2   conftest.c  >&5
configure:19043: $? = 0
configure:19043: result: yes
configure:19043: checking for putenv
configure:19043: gcc -o conftest -g -O2   conftest.c  >&5
configure:19043: $? = 0
configure:19043: result: yes
configure:19043: checking for setenv
configure:19043: gcc -o conftest -g -O2   conftest.c  >&5
configure:19043: $? = 0
configure:19043: result: yes
configure:19043: checking for setlocale
configure:19043: result: yes
configure:19043: checking for snprintf
configure:19043: gcc -o conftest -g -O2   conftest.c  >&5
conftest.c:121:6: warning: conflicting types for built-in function 'snprintf' [enabled by default]
configure:19043: $? = 0
configure:19043: result: yes
configure:19043: checking for wcslen
configure:19043: gcc -o conftest -g -O2   conftest.c  >&5
configure:19043: $? = 0
configure:19043: result: yes
configure:19055: checking whether _snprintf is declared
configure:19075: gcc -c -g -O2  conftest.c >&5
conftest.c: In function 'main':
conftest.c:106:22: error: '_snprintf' undeclared (first use in this function)
conftest.c:106:22: note: each undeclared identifier is reported only once for each function it appears in
configure:19075: $? = 1
configure: failed program was:
| /* confdefs.h */
| #define PACKAGE_NAME "hunspell"
| #define PACKAGE_TARNAME "hunspell"
| #define PACKAGE_VERSION "1.3.2"
| #define PACKAGE_STRING "hunspell 1.3.2"
| #define PACKAGE_BUGREPORT "nemeth@numbertext.org"
| #define PACKAGE_URL ""
| #define PACKAGE "hunspell"
| #define VERSION "1.3.2"
| #define STDC_HEADERS 1
| #define HAVE_SYS_TYPES_H 1
| #define HAVE_SYS_STAT_H 1
| #define HAVE_STDLIB_H 1
| #define HAVE_STRING_H 1
| #define HAVE_MEMORY_H 1
| #define HAVE_STRINGS_H 1
| #define HAVE_INTTYPES_H 1
| #define HAVE_STDINT_H 1
| #define HAVE_UNISTD_H 1
| #define HAVE_DLFCN_H 1
| #define LT_OBJDIR ".libs/"
| #define HAVE_FCNTL_H 1
| #define HAVE_LIBINTL_H 1
| #define HAVE_LOCALE_H 1
| #define HAVE_UNISTD_H 1
| #define HAVE_ERROR_H 1
| #define STDC_HEADERS 1
| #define HAVE_MEMCHR 1
| #define HAVE_SETLOCALE 1
| #define HAVE_STRCHR 1
| #define HAVE_STRSTR 1
| #define HAVE_VISIBILITY 1
| #define HAVE_STDINT_H_WITH_UINTMAX 1
| #define HAVE_ALLOCA_H 1
| #define HAVE_ALLOCA 1
| #define HAVE_STDLIB_H 1
| #define HAVE_UNISTD_H 1
| #define HAVE_SYS_PARAM_H 1
| #define HAVE_GETPAGESIZE 1
| #define HAVE_MMAP 1
| #define INTDIV0_RAISES_SIGFPE 1
| #define HAVE_INTTYPES_H_WITH_UINTMAX 1
| #define HAVE_UNSIGNED_LONG_LONG_INT 1
| #define HAVE_UINTMAX_T 1
| #define HAVE_INTTYPES_H 1
| #define __EXTENSIONS__ 1
| #define _ALL_SOURCE 1
| #define _GNU_SOURCE 1
| #define _POSIX_PTHREAD_SEMANTICS 1
| #define _TANDEM_SOURCE 1
| #define USE_POSIX_THREADS 1
| #define USE_POSIX_THREADS_WEAK 1
| #define HAVE_PTHREAD_RWLOCK 1
| #define HAVE_PTHREAD_MUTEX_RECURSIVE 1
| #define HAVE_BUILTIN_EXPECT 1
| #define HAVE_ARGZ_H 1
| #define HAVE_INTTYPES_H 1
| #define HAVE_LIMITS_H 1
| #define HAVE_UNISTD_H 1
| #define HAVE_SYS_PARAM_H 1
| #define HAVE_GETCWD 1
| #define HAVE_GETEGID 1
| #define HAVE_GETEUID 1
| #define HAVE_GETGID 1
| #define HAVE_GETUID 1
| #define HAVE_MEMPCPY 1
| #define HAVE_MUNMAP 1
| #define HAVE_STPCPY 1
| #define HAVE_STRCASECMP 1
| #define HAVE_STRDUP 1
| #define HAVE_STRTOUL 1
| #define HAVE_TSEARCH 1
| #define HAVE_ARGZ_COUNT 1
| #define HAVE_ARGZ_STRINGIFY 1
| #define HAVE_ARGZ_NEXT 1
| #define HAVE___FSETLOCKING 1
| #define HAVE_DECL_FEOF_UNLOCKED 1
| #define HAVE_DECL_FGETS_UNLOCKED 1
| #define HAVE_ICONV 1
| #define ICONV_CONST 
| #define HAVE_NL_LOCALE_NAME 1
| #define HAVE_LONG_LONG_INT 1
| #define HAVE_WCHAR_T 1
| #define HAVE_WINT_T 1
| #define HAVE_INTMAX_T 1
| #define HAVE_POSIX_PRINTF 1
| #define HAVE_STDINT_H 1
| #define HAVE_STDINT_H 1
| #define HAVE_STDDEF_H 1
| #define HAVE_STDLIB_H 1
| #define HAVE_STRING_H 1
| #define HAVE_ASPRINTF 1
| #define HAVE_FWPRINTF 1
| #define HAVE_PUTENV 1
| #define HAVE_SETENV 1
| #define HAVE_SETLOCALE 1
| #define HAVE_SNPRINTF 1
| #define HAVE_WCSLEN 1
| /* end confdefs.h.  */
| #include <stdio.h>
| int
| main ()
| {
| 
| #ifndef _snprintf
|   char *p = (char *) _snprintf;
| #endif
| 
|   ;
|   return 0;
| }
configure:19082: result: no
configure:19096: checking whether _snwprintf is declared
configure:19116: gcc -c -g -O2  conftest.c >&5
conftest.c: In function 'main':
conftest.c:107:22: error: '_snwprintf' undeclared (first use in this function)
conftest.c:107:22: note: each undeclared identifier is reported only once for each function it appears in
configure:19116: $? = 1
configure: failed program was:
| /* confdefs.h */
| #define PACKAGE_NAME "hunspell"
| #define PACKAGE_TARNAME "hunspell"
| #define PACKAGE_VERSION "1.3.2"
| #define PACKAGE_STRING "hunspell 1.3.2"
| #define PACKAGE_BUGREPORT "nemeth@numbertext.org"
| #define PACKAGE_URL ""
| #define PACKAGE "hunspell"
| #define VERSION "1.3.2"
| #define STDC_HEADERS 1
| #define HAVE_SYS_TYPES_H 1
| #define HAVE_SYS_STAT_H 1
| #define HAVE_STDLIB_H 1
| #define HAVE_STRING_H 1
| #define HAVE_MEMORY_H 1
| #define HAVE_STRINGS_H 1
| #define HAVE_INTTYPES_H 1
| #define HAVE_STDINT_H 1
| #define HAVE_UNISTD_H 1
| #define HAVE_DLFCN_H 1
| #define LT_OBJDIR ".libs/"
| #define HAVE_FCNTL_H 1
| #define HAVE_LIBINTL_H 1
| #define HAVE_LOCALE_H 1
| #define HAVE_UNISTD_H 1
| #define HAVE_ERROR_H 1
| #define STDC_HEADERS 1
| #define HAVE_MEMCHR 1
| #define HAVE_SETLOCALE 1
| #define HAVE_STRCHR 1
| #define HAVE_STRSTR 1
| #define HAVE_VISIBILITY 1
| #define HAVE_STDINT_H_WITH_UINTMAX 1
| #define HAVE_ALLOCA_H 1
| #define HAVE_ALLOCA 1
| #define HAVE_STDLIB_H 1
| #define HAVE_UNISTD_H 1
| #define HAVE_SYS_PARAM_H 1
| #define HAVE_GETPAGESIZE 1
| #define HAVE_MMAP 1
| #define INTDIV0_RAISES_SIGFPE 1
| #define HAVE_INTTYPES_H_WITH_UINTMAX 1
| #define HAVE_UNSIGNED_LONG_LONG_INT 1
| #define HAVE_UINTMAX_T 1
| #define HAVE_INTTYPES_H 1
| #define __EXTENSIONS__ 1
| #define _ALL_SOURCE 1
| #define _GNU_SOURCE 1
| #define _POSIX_PTHREAD_SEMANTICS 1
| #define _TANDEM_SOURCE 1
| #define USE_POSIX_THREADS 1
| #define USE_POSIX_THREADS_WEAK 1
| #define HAVE_PTHREAD_RWLOCK 1
| #define HAVE_PTHREAD_MUTEX_RECURSIVE 1
| #define HAVE_BUILTIN_EXPECT 1
| #define HAVE_ARGZ_H 1
| #define HAVE_INTTYPES_H 1
| #define HAVE_LIMITS_H 1
| #define HAVE_UNISTD_H 1
| #define HAVE_SYS_PARAM_H 1
| #define HAVE_GETCWD 1
| #define HAVE_GETEGID 1
| #define HAVE_GETEUID 1
| #define HAVE_GETGID 1
| #define HAVE_GETUID 1
| #define HAVE_MEMPCPY 1
| #define HAVE_MUNMAP 1
| #define HAVE_STPCPY 1
| #define HAVE_STRCASECMP 1
| #define HAVE_STRDUP 1
| #define HAVE_STRTOUL 1
| #define HAVE_TSEARCH 1
| #define HAVE_ARGZ_COUNT 1
| #define HAVE_ARGZ_STRINGIFY 1
| #define HAVE_ARGZ_NEXT 1
| #define HAVE___FSETLOCKING 1
| #define HAVE_DECL_FEOF_UNLOCKED 1
| #define HAVE_DECL_FGETS_UNLOCKED 1
| #define HAVE_ICONV 1
| #define ICONV_CONST 
| #define HAVE_NL_LOCALE_NAME 1
| #define HAVE_LONG_LONG_INT 1
| #define HAVE_WCHAR_T 1
| #define HAVE_WINT_T 1
| #define HAVE_INTMAX_T 1
| #define HAVE_POSIX_PRINTF 1
| #define HAVE_STDINT_H 1
| #define HAVE_STDINT_H 1
| #define HAVE_STDDEF_H 1
| #define HAVE_STDLIB_H 1
| #define HAVE_STRING_H 1
| #define HAVE_ASPRINTF 1
| #define HAVE_FWPRINTF 1
| #define HAVE_PUTENV 1
| #define HAVE_SETENV 1
| #define HAVE_SETLOCALE 1
| #define HAVE_SNPRINTF 1
| #define HAVE_WCSLEN 1
| #define HAVE_DECL__SNPRINTF 0
| /* end confdefs.h.  */
| #include <stdio.h>
| int
| main ()
| {
| 
| #ifndef _snwprintf
|   char *p = (char *) _snwprintf;
| #endif
| 
|   ;
|   return 0;
| }
configure:19123: result: no
configure:19138: checking whether getc_unlocked is declared
configure:19158: gcc -c -g -O2  conftest.c >&5
configure:19158: $? = 0
configure:19165: result: yes
configure:19204: checking for nl_langinfo and CODESET
configure:19220: gcc -o conftest -g -O2   conftest.c  >&5
configure:19220: $? = 0
configure:19229: result: yes
configure:19238: checking for LC_MESSAGES
configure:19254: gcc -o conftest -g -O2   conftest.c  >&5
configure:19254: $? = 0
configure:19262: result: yes
configure:19413: checking for CFPreferencesCopyAppValue
configure:19440: result: no
configure:19447: checking for CFLocaleCopyCurrent
configure:19474: result: no
configure:19509: checking whether included gettext is requested
configure:19519: result: no
configure:19542: checking for GNU gettext in libc
configure:19562: gcc -o conftest -g -O2   conftest.c  >&5
configure:19562: $? = 0
configure:19571: result: yes
configure:20134: checking whether to use NLS
configure:20136: result: yes
configure:20139: checking where the gettext function comes from
configure:20150: result: libc
configure:20693: creating ./config.status

## ---------------------- ##
## Running config.status. ##
## ---------------------- ##

This file was extended by hunspell config.status 1.3.2, which was
generated by GNU Autoconf 2.65.  Invocation command line was

  CONFIG_FILES    = 
  CONFIG_HEADERS  = 
  CONFIG_LINKS    = 
  CONFIG_COMMANDS = 
  $ ./config.status --quiet

on dimkanovikov

config.status:1291: creating Makefile
config.status:1291: creating hunspell.pc
config.status:1291: creating man/Makefile
config.status:1291: creating man/hu/Makefile
config.status:1291: creating intl/Makefile
config.status:1291: creating po/Makefile.in
config.status:1291: creating m4/Makefile
config.status:1291: creating src/Makefile
config.status:1291: creating src/hunspell/Makefile
config.status:1291: creating src/hunspell/hunvisapi.h
config.status:1291: creating src/parsers/Makefile
config.status:1291: creating src/tools/Makefile
config.status:1291: creating src/win_api/Makefile
config.status:1291: creating tests/Makefile
config.status:1291: creating tests/suggestiontest/Makefile
config.status:1291: creating config.h
config.status:1463: config.h is unchanged
config.status:1511: executing depfiles commands
config.status:1511: executing libtool commands
config.status:1511: executing po-directories commands

## ---------------- ##
## Cache variables. ##
## ---------------- ##

ac_cv_build=x86_64-unknown-linux-gnu
ac_cv_c_compiler_gnu=yes
ac_cv_c_const=yes
ac_cv_c_inline=inline
ac_cv_cxx_compiler_gnu=yes
ac_cv_env_CCC_set=
ac_cv_env_CCC_value=
ac_cv_env_CC_set=
ac_cv_env_CC_value=
ac_cv_env_CFLAGS_set=
ac_cv_env_CFLAGS_value=
ac_cv_env_CPPFLAGS_set=
ac_cv_env_CPPFLAGS_value=
ac_cv_env_CPP_set=
ac_cv_env_CPP_value=
ac_cv_env_CXXCPP_set=
ac_cv_env_CXXCPP_value=
ac_cv_env_CXXFLAGS_set=
ac_cv_env_CXXFLAGS_value=
ac_cv_env_CXX_set=
ac_cv_env_CXX_value=
ac_cv_env_LDFLAGS_set=
ac_cv_env_LDFLAGS_value=
ac_cv_env_LIBS_set=
ac_cv_env_LIBS_value=
ac_cv_env_build_alias_set=
ac_cv_env_build_alias_value=
ac_cv_env_host_alias_set=
ac_cv_env_host_alias_value=
ac_cv_env_target_alias_set=
ac_cv_env_target_alias_value=
ac_cv_func___fsetlocking=yes
ac_cv_func_alloca_works=yes
ac_cv_func_argz_count=yes
ac_cv_func_argz_next=yes
ac_cv_func_argz_stringify=yes
ac_cv_func_asprintf=yes
ac_cv_func_fwprintf=yes
ac_cv_func_getcwd=yes
ac_cv_func_getegid=yes
ac_cv_func_geteuid=yes
ac_cv_func_getgid=yes
ac_cv_func_getpagesize=yes
ac_cv_func_getuid=yes
ac_cv_func_memchr=yes
ac_cv_func_mempcpy=yes
ac_cv_func_mmap_fixed_mapped=yes
ac_cv_func_munmap=yes
ac_cv_func_putenv=yes
ac_cv_func_setenv=yes
ac_cv_func_setlocale=yes
ac_cv_func_snprintf=yes
ac_cv_func_stpcpy=yes
ac_cv_func_strcasecmp=yes
ac_cv_func_strchr=yes
ac_cv_func_strdup=yes
ac_cv_func_strstr=yes
ac_cv_func_strtoul=yes
ac_cv_func_tsearch=yes
ac_cv_func_wcslen=yes
ac_cv_gnu_library_2=yes
ac_cv_gnu_library_2_1=yes
ac_cv_have_decl__snprintf=no
ac_cv_have_decl__snwprintf=no
ac_cv_have_decl_feof_unlocked=yes
ac_cv_have_decl_fgets_unlocked=yes
ac_cv_have_decl_getc_unlocked=yes
ac_cv_header_argz_h=yes
ac_cv_header_dlfcn_h=yes
ac_cv_header_error_h=yes
ac_cv_header_fcntl_h=yes
ac_cv_header_inttypes_h=yes
ac_cv_header_libintl_h=yes
ac_cv_header_limits_h=yes
ac_cv_header_locale_h=yes
ac_cv_header_memory_h=yes
ac_cv_header_minix_config_h=no
ac_cv_header_pthread_h=yes
ac_cv_header_stdc=yes
ac_cv_header_stddef_h=yes
ac_cv_header_stdint_h=yes
ac_cv_header_stdlib_h=yes
ac_cv_header_string_h=yes
ac_cv_header_strings_h=yes
ac_cv_header_sys_param_h=yes
ac_cv_header_sys_stat_h=yes
ac_cv_header_sys_types_h=yes
ac_cv_header_unistd_h=yes
ac_cv_host=x86_64-unknown-linux-gnu
ac_cv_lib_error_at_line=yes
ac_cv_lib_pthread_pthread_kill=yes
ac_cv_objext=o
ac_cv_path_EGREP='/bin/grep -E'
ac_cv_path_FGREP='/bin/grep -F'
ac_cv_path_GMSGFMT=/usr/bin/msgfmt
ac_cv_path_GREP=/bin/grep
ac_cv_path_MSGFMT=/usr/bin/msgfmt
ac_cv_path_MSGMERGE=/usr/bin/msgmerge
ac_cv_path_SED=/bin/sed
ac_cv_path_XGETTEXT=/usr/bin/xgettext
ac_cv_path_install='/usr/bin/install -c'
ac_cv_path_mkdir=/bin/mkdir
ac_cv_prog_AWK=mawk
ac_cv_prog_CPP='gcc -E'
ac_cv_prog_CXXCPP='g++ -E'
ac_cv_prog_INTLBISON=bison
ac_cv_prog_ac_ct_AR=ar
ac_cv_prog_ac_ct_CC=gcc
ac_cv_prog_ac_ct_CXX=g++
ac_cv_prog_ac_ct_OBJDUMP=objdump
ac_cv_prog_ac_ct_RANLIB=ranlib
ac_cv_prog_ac_ct_STRIP=strip
ac_cv_prog_cc_c89=
ac_cv_prog_cc_g=yes
ac_cv_prog_cxx_g=yes
ac_cv_prog_make_make_set=yes
ac_cv_safe_to_define___extensions__=yes
ac_cv_target=x86_64-unknown-linux-gnu
ac_cv_type_long_long_int=yes
ac_cv_type_pthread_rwlock_t=yes
ac_cv_type_ptrdiff_t=yes
ac_cv_type_size_t=yes
ac_cv_type_unsigned_long_long_int=yes
ac_cv_working_alloca_h=yes
acl_cv_hardcode_direct=no
acl_cv_hardcode_libdir_flag_spec='${wl}-rpath ${wl}$libdir'
acl_cv_hardcode_libdir_separator=
acl_cv_hardcode_minus_L=no
acl_cv_libext=a
acl_cv_libname_spec='lib$name'
acl_cv_library_names_spec='$libname$shrext'
acl_cv_path_LD='/usr/bin/ld -m elf_x86_64'
acl_cv_prog_gnu_ld=yes
acl_cv_rpath=done
acl_cv_shlibext=so
acl_cv_wl=-Wl,
am_cv_CC_dependencies_compiler_type=gcc3
am_cv_CXX_dependencies_compiler_type=gcc3
am_cv_func_iconv=yes
am_cv_func_iconv_works=yes
am_cv_langinfo_codeset=yes
am_cv_lib_iconv=no
am_cv_proto_iconv='extern size_t iconv (iconv_t cd, char * *inbuf, size_t *inbytesleft, char * *outbuf, size_t *outbytesleft);'
am_cv_proto_iconv_arg1=
gl_cv_cc_visibility=yes
gl_cv_header_inttypes_h=yes
gl_cv_header_stdint_h=yes
gl_cv_size_max=yes
gt_cv_c_intmax_t=yes
gt_cv_c_wchar_t=yes
gt_cv_c_wint_t=yes
gt_cv_func_CFLocaleCopyCurrent=no
gt_cv_func_CFPreferencesCopyAppValue=no
gt_cv_func_gnugettext1_libc=yes
gt_cv_func_printf_posix=yes
gt_cv_int_divbyzero_sigfpe=yes
gt_cv_inttypes_pri_broken=no
gt_cv_nl_locale_name=yes
gt_cv_val_LC_MESSAGES=yes
lt_cv_deplibs_check_method=pass_all
lt_cv_file_magic_cmd='$MAGIC_CMD'
lt_cv_file_magic_test_file=
lt_cv_ld_reload_flag=-r
lt_cv_nm_interface='BSD nm'
lt_cv_objdir=.libs
lt_cv_path_LD=/usr/bin/ld
lt_cv_path_LDCXX='/usr/bin/ld -m elf_x86_64'
lt_cv_path_NM='/usr/bin/nm -B'
lt_cv_prog_compiler_c_o=yes
lt_cv_prog_compiler_c_o_CXX=yes
lt_cv_prog_compiler_pic_works=yes
lt_cv_prog_compiler_pic_works_CXX=yes
lt_cv_prog_compiler_rtti_exceptions=no
lt_cv_prog_compiler_static_works=yes
lt_cv_prog_compiler_static_works_CXX=yes
lt_cv_prog_gnu_ld=yes
lt_cv_prog_gnu_ldcxx=yes
lt_cv_sys_global_symbol_pipe='sed -n -e '\''s/^.*[	 ]\([ABCDGIRSTW][ABCDGIRSTW]*\)[	 ][	 ]*\([_A-Za-z][_A-Za-z0-9]*\)$/\1 \2 \2/p'\'''
lt_cv_sys_global_symbol_to_c_name_address='sed -n -e '\''s/^: \([^ ]*\) $/  {\"\1\", (void *) 0},/p'\'' -e '\''s/^[ABCDGIRSTW]* \([^ ]*\) \([^ ]*\)$/  {"\2", (void *) \&\2},/p'\'''
lt_cv_sys_global_symbol_to_c_name_address_lib_prefix='sed -n -e '\''s/^: \([^ ]*\) $/  {\"\1\", (void *) 0},/p'\'' -e '\''s/^[ABCDGIRSTW]* \([^ ]*\) \(lib[^ ]*\)$/  {"\2", (void *) \&\2},/p'\'' -e '\''s/^[ABCDGIRSTW]* \([^ ]*\) \([^ ]*\)$/  {"lib\2", (void *) \&\2},/p'\'''
lt_cv_sys_global_symbol_to_cdecl='sed -n -e '\''s/^T .* \(.*\)$/extern int \1();/p'\'' -e '\''s/^[ABCDGIRSTW]* .* \(.*\)$/extern char \1;/p'\'''
lt_cv_sys_max_cmd_len=1572864
nls_cv_force_use_gnu_gettext=no
nls_cv_header_intl=
nls_cv_header_libgt=
nls_cv_use_gnu_gettext=no

## ----------------- ##
## Output variables. ##
## ----------------- ##

ACLOCAL='${SHELL} /home/dimkanovikov/dev/dimkanovikov/desktop/github-projects/Scenarist/src/libs/hunspell/missing --run aclocal-1.11'
ALLOCA=''
AMDEPBACKSLASH='\'
AMDEP_FALSE='#'
AMDEP_TRUE=''
AMTAR='${SHELL} /home/dimkanovikov/dev/dimkanovikov/desktop/github-projects/Scenarist/src/libs/hunspell/missing --run tar'
AR='ar'
AS='as'
AUTOCONF='${SHELL} /home/dimkanovikov/dev/dimkanovikov/desktop/github-projects/Scenarist/src/libs/hunspell/missing --run autoconf'
AUTOHEADER='${SHELL} /home/dimkanovikov/dev/dimkanovikov/desktop/github-projects/Scenarist/src/libs/hunspell/missing --run autoheader'
AUTOMAKE='${SHELL} /home/dimkanovikov/dev/dimkanovikov/desktop/github-projects/Scenarist/src/libs/hunspell/missing --run automake-1.11'
AWK='mawk'
BUILD_INCLUDED_LIBINTL='no'
CATOBJEXT='.gmo'
CC='gcc'
CCDEPMODE='depmode=gcc3'
CFLAGS='-g -O2'
CFLAG_VISIBILITY='-fvisibility=hidden'
CPP='gcc -E'
CPPFLAGS=''
CURSESLIB=''
CXX='g++'
CXXCPP='g++ -E'
CXXDEPMODE='depmode=gcc3'
CXXFLAGS='-g -O2'
CYGPATH_W='echo'
DATADIRNAME='share'
DEFS='-DHAVE_CONFIG_H'
DEPDIR='.deps'
DLLTOOL='dlltool'
DSYMUTIL=''
DUMPBIN=''
ECHO_C=''
ECHO_N='-n'
ECHO_T=''
EGREP='/bin/grep -E'
EXEEXT=''
FGREP='/bin/grep -F'
GENCAT='gencat'
GETTEXT_MACRO_VERSION='0.17'
GLIBC21='yes'
GLIBC2='yes'
GMSGFMT='/usr/bin/msgfmt'
GMSGFMT_015='/usr/bin/msgfmt'
GREP='/bin/grep'
HAVE_ASPRINTF='1'
HAVE_POSIX_PRINTF='1'
HAVE_SNPRINTF='1'
HAVE_VISIBILITY='1'
HAVE_WPRINTF='0'
HUNSPELL_VERSION_MAJOR='1'
HUNSPELL_VERSION_MINOR='3'
INSTALL_DATA='${INSTALL} -m 644'
INSTALL_PROGRAM='${INSTALL}'
INSTALL_SCRIPT='${INSTALL}'
INSTALL_STRIP_PROGRAM='$(install_sh) -c -s'
INSTOBJEXT='.mo'
INTLBISON='bison'
INTLLIBS=''
INTLOBJS=''
INTL_LIBTOOL_SUFFIX_PREFIX=''
INTL_MACOSX_LIBS=''
LD='/usr/bin/ld -m elf_x86_64'
LDFLAGS=''
LIBICONV=''
LIBINTL=''
LIBMULTITHREAD='-lpthread'
LIBOBJS=''
LIBPTH=''
LIBPTH_PREFIX=''
LIBS=''
LIBTHREAD=''
LIBTOOL='$(SHELL) $(top_builddir)/libtool'
LIPO=''
LN_S='ln -s'
LTLIBC='-lc'
LTLIBICONV=''
LTLIBINTL=''
LTLIBMULTITHREAD='-lpthread'
LTLIBOBJS=''
LTLIBPTH=''
LTLIBTHREAD=''
MAKEINFO='${SHELL} /home/dimkanovikov/dev/dimkanovikov/desktop/github-projects/Scenarist/src/libs/hunspell/missing --run makeinfo'
MKDIR_P='/bin/mkdir -p'
MSGFMT='/usr/bin/msgfmt'
MSGFMT_015='/usr/bin/msgfmt'
MSGMERGE='/usr/bin/msgmerge'
NM='/usr/bin/nm -B'
NMEDIT=''
OBJDUMP='objdump'
OBJEXT='o'
OTOOL64=''
OTOOL=''
PACKAGE='hunspell'
PACKAGE_BUGREPORT='nemeth@numbertext.org'
PACKAGE_NAME='hunspell'
PACKAGE_STRING='hunspell 1.3.2'
PACKAGE_TARNAME='hunspell'
PACKAGE_URL=''
PACKAGE_VERSION='1.3.2'
PATH_SEPARATOR=':'
POSUB='po'
PRI_MACROS_BROKEN='0'
RANLIB='ranlib'
READLINELIB=''
SED='/bin/sed'
SET_MAKE=''
SHELL='/bin/bash'
STRIP='strip'
USE_INCLUDED_LIBINTL='no'
USE_NLS='yes'
VERSION='1.3.2'
WINDRES=''
WOE32='no'
WOE32DLL='no'
XFAILED=''
XGETTEXT='/usr/bin/xgettext'
XGETTEXT_015='/usr/bin/xgettext'
XGETTEXT_EXTRA_OPTIONS=''
ac_ct_CC='gcc'
ac_ct_CXX='g++'
ac_ct_DUMPBIN=''
am__EXEEXT_FALSE=''
am__EXEEXT_TRUE='#'
am__fastdepCC_FALSE='#'
am__fastdepCC_TRUE=''
am__fastdepCXX_FALSE='#'
am__fastdepCXX_TRUE=''
am__include='include'
am__isrc=''
am__leading_dot='.'
am__quote=''
am__tar='${AMTAR} chof - "$$tardir"'
am__untar='${AMTAR} xf -'
bindir='${exec_prefix}/bin'
build='x86_64-unknown-linux-gnu'
build_alias=''
build_cpu='x86_64'
build_os='linux-gnu'
build_vendor='unknown'
datadir='${datarootdir}'
datarootdir='${prefix}/share'
docdir='${datarootdir}/doc/${PACKAGE_TARNAME}'
dvidir='${docdir}'
exec_prefix='${prefix}'
host='x86_64-unknown-linux-gnu'
host_alias=''
host_cpu='x86_64'
host_os='linux-gnu'
host_vendor='unknown'
htmldir='${docdir}'
includedir='${prefix}/include'
infodir='${datarootdir}/info'
install_sh='${SHELL} /home/dimkanovikov/dev/dimkanovikov/desktop/github-projects/Scenarist/src/libs/hunspell/install-sh'
libdir='${exec_prefix}/lib'
libexecdir='${exec_prefix}/libexec'
localedir='${datarootdir}/locale'
localstatedir='${prefix}/var'
lt_ECHO='echo'
mandir='${datarootdir}/man'
mkdir_p='/bin/mkdir -p'
oldincludedir='/usr/include'
pdfdir='${docdir}'
prefix='/usr/local'
program_transform_name='s,x,x,'
psdir='${docdir}'
sbindir='${exec_prefix}/sbin'
sharedstatedir='${prefix}/com'
sysconfdir='${prefix}/etc'
target='x86_64-unknown-linux-gnu'
target_alias=''
target_cpu='x86_64'
target_os='linux-gnu'
target_vendor='unknown'

## ----------- ##
## confdefs.h. ##
## ----------- ##

/* confdefs.h */
#define PACKAGE_NAME "hunspell"
#define PACKAGE_TARNAME "hunspell"
#define PACKAGE_VERSION "1.3.2"
#define PACKAGE_STRING "hunspell 1.3.2"
#define PACKAGE_BUGREPORT "nemeth@numbertext.org"
#define PACKAGE_URL ""
#define PACKAGE "hunspell"
#define VERSION "1.3.2"
#define STDC_HEADERS 1
#define HAVE_SYS_TYPES_H 1
#define HAVE_SYS_STAT_H 1
#define HAVE_STDLIB_H 1
#define HAVE_STRING_H 1
#define HAVE_MEMORY_H 1
#define HAVE_STRINGS_H 1
#define HAVE_INTTYPES_H 1
#define HAVE_STDINT_H 1
#define HAVE_UNISTD_H 1
#define HAVE_DLFCN_H 1
#define LT_OBJDIR ".libs/"
#define HAVE_FCNTL_H 1
#define HAVE_LIBINTL_H 1
#define HAVE_LOCALE_H 1
#define HAVE_UNISTD_H 1
#define HAVE_ERROR_H 1
#define STDC_HEADERS 1
#define HAVE_MEMCHR 1
#define HAVE_SETLOCALE 1
#define HAVE_STRCHR 1
#define HAVE_STRSTR 1
#define HAVE_VISIBILITY 1
#define HAVE_STDINT_H_WITH_UINTMAX 1
#define HAVE_ALLOCA_H 1
#define HAVE_ALLOCA 1
#define HAVE_STDLIB_H 1
#define HAVE_UNISTD_H 1
#define HAVE_SYS_PARAM_H 1
#define HAVE_GETPAGESIZE 1
#define HAVE_MMAP 1
#define INTDIV0_RAISES_SIGFPE 1
#define HAVE_INTTYPES_H_WITH_UINTMAX 1
#define HAVE_UNSIGNED_LONG_LONG_INT 1
#define HAVE_UINTMAX_T 1
#define HAVE_INTTYPES_H 1
#define __EXTENSIONS__ 1
#define _ALL_SOURCE 1
#define _GNU_SOURCE 1
#define _POSIX_PTHREAD_SEMANTICS 1
#define _TANDEM_SOURCE 1
#define USE_POSIX_THREADS 1
#define USE_POSIX_THREADS_WEAK 1
#define HAVE_PTHREAD_RWLOCK 1
#define HAVE_PTHREAD_MUTEX_RECURSIVE 1
#define HAVE_BUILTIN_EXPECT 1
#define HAVE_ARGZ_H 1
#define HAVE_INTTYPES_H 1
#define HAVE_LIMITS_H 1
#define HAVE_UNISTD_H 1
#define HAVE_SYS_PARAM_H 1
#define HAVE_GETCWD 1
#define HAVE_GETEGID 1
#define HAVE_GETEUID 1
#define HAVE_GETGID 1
#define HAVE_GETUID 1
#define HAVE_MEMPCPY 1
#define HAVE_MUNMAP 1
#define HAVE_STPCPY 1
#define HAVE_STRCASECMP 1
#define HAVE_STRDUP 1
#define HAVE_STRTOUL 1
#define HAVE_TSEARCH 1
#define HAVE_ARGZ_COUNT 1
#define HAVE_ARGZ_STRINGIFY 1
#define HAVE_ARGZ_NEXT 1
#define HAVE___FSETLOCKING 1
#define HAVE_DECL_FEOF_UNLOCKED 1
#define HAVE_DECL_FGETS_UNLOCKED 1
#define HAVE_ICONV 1
#define ICONV_CONST 
#define HAVE_NL_LOCALE_NAME 1
#define HAVE_LONG_LONG_INT 1
#define HAVE_WCHAR_T 1
#define HAVE_WINT_T 1
#define HAVE_INTMAX_T 1
#define HAVE_POSIX_PRINTF 1
#define HAVE_STDINT_H 1
#define HAVE_STDINT_H 1
#define HAVE_STDDEF_H 1
#define HAVE_STDLIB_H 1
#define HAVE_STRING_H 1
#define HAVE_ASPRINTF 1
#define HAVE_FWPRINTF 1
#define HAVE_PUTENV 1
#define HAVE_SETENV 1
#define HAVE_SETLOCALE 1
#define HAVE_SNPRINTF 1
#define HAVE_WCSLEN 1
#define HAVE_DECL__SNPRINTF 0
#define HAVE_DECL__SNWPRINTF 0
#define HAVE_DECL_GETC_UNLOCKED 1
#define HAVE_LANGINFO_CODESET 1
#define HAVE_LC_MESSAGES 1
#define ENABLE_NLS 1
#define HAVE_GETTEXT 1
#define HAVE_DCGETTEXT 1

configure: exit 0
